2011-05-27 17:35:37,404 [12] Orchard.Packaging.Controllers.PackagingServicesController - Package installation failed.
Orchard.OrchardException: There was an error installing the requested package. This can happen if the server does not have write access to the '~/Modules' or '~/Themes' folder of the web site. If the site is running in shared hosted environement, adding write access to these folders sometimes needs to be done manually through the Hoster control panel. Once Themes and Modules have been installed, it is recommended to remove write access to these folders. ---> System.Data.Services.Client.DataServiceQueryException: An error occurred while processing this request. ---> System.Net.WebException: The operation has timed out.
   at System.Net.ConnectStream.Read(Byte[] buffer, Int32 offset, Int32 size)
   at System.Data.Services.Client.WebUtil.CopyStream(Stream input, Stream output, Byte[]& refBuffer)
   at System.Data.Services.Client.QueryResult.Execute()
   at System.Data.Services.Client.DataServiceRequest.Execute[TElement](DataServiceContext context, QueryComponents queryComponents)
   --- End of inner exception stack trace ---
   at System.Data.Services.Client.DataServiceRequest.Execute[TElement](DataServiceContext context, QueryComponents queryComponents)
   at System.Data.Services.Client.DataServiceQuery`1.Execute()
   at System.Data.Services.Client.DataServiceQuery`1.GetEnumerator()
   at NuGet.DataServiceQueryWrapper`1.GetEnumerator()
   at NuGet.SmartDataServiceQuery`1.GetEnumerator()
   at System.Collections.Generic.List`1..ctor(IEnumerable`1 collection)
   at System.Linq.Enumerable.ToList[TSource](IEnumerable`1 source)
   at Orchard.Packaging.Services.ExtensionReferenceRepository.GetPackages()
   at NuGet.PackageRepositoryExtensions.FindPackagesById(IPackageRepository repository, String packageId)
   at NuGet.PackageRepositoryExtensions.FindPackage(IPackageRepository repository, String packageId, Version version)
   at NuGet.PackageRepositoryExtensions.FindPackage(IPackageRepository repository, String packageId)
   at NuGet.ProjectInstallWalker.OnBeforeDependencyWalk(IPackage package)
   at NuGet.PackageWalker.Walk(IPackage package)
   at NuGet.InstallWalker.ResolveOperations(IPackage package)
   at NuGet.ProjectManager.Execute(IPackage package, IPackageOperationResolver resolver)
   at NuGet.ProjectManager.AddPackageReference(IPackage package, Boolean ignoreDependencies)
   at NuGet.ProjectManager.AddPackageReference(String packageId, Version version, Boolean ignoreDependencies)
   at NuGet.ProjectManager.AddPackageReference(String packageId, Version version)
   at Orchard.Packaging.Services.PackageInstaller.ExecuteInstall(IPackage package, IPackageRepository packageRepository, String sourceLocation, String targetPath)
   at Orchard.Packaging.Services.PackageInstaller.InstallPackage(IPackage package, IPackageRepository packageRepository, String location, String applicationPath)
   at Orchard.Packaging.Services.PackageInstaller.Install(String packageId, String version, String location, String applicationPath)
   at Orchard.Packaging.Services.PackageManager.<>c__DisplayClass8.<Install>b__7()
   at Orchard.Packaging.Services.PackageManager.DoInstall(Func`1 installer)
   --- End of inner exception stack trace ---
   at Orchard.Packaging.Services.PackageManager.DoInstall(Func`1 installer)
   at Orchard.Packaging.Services.PackageManager.Install(String packageId, String version, String location, String applicationPath)
   at Orchard.Packaging.Controllers.PackagingServicesController.InstallGallery(String packageId, String version, Int32 sourceId, String redirectUrl)
