2011-05-27 17:52:56,400 [22] Orchard.Packaging.Controllers.PackagingServicesController - Package installation failed.
Orchard.OrchardException: There was an error installing the requested package. This can happen if the server does not have write access to the '~/Modules' or '~/Themes' folder of the web site. If the site is running in shared hosted environement, adding write access to these folders sometimes needs to be done manually through the Hoster control panel. Once Themes and Modules have been installed, it is recommended to remove write access to these folders. ---> System.Net.WebException: Unable to connect to the remote server ---> System.Net.Sockets.SocketException: A connection attempt failed because the connected party did not properly respond after a period of time, or established connection failed because connected host has failed to respond 69.59.138.85:80
   at System.Net.Sockets.Socket.DoConnect(EndPoint endPointSnapshot, SocketAddress socketAddress)
   at System.Net.ServicePoint.ConnectSocketInternal(Boolean connectFailure, Socket s4, Socket s6, Socket& socket, IPAddress& address, ConnectSocketState state, IAsyncResult asyncResult, Int32 timeout, Exception& exception)
   --- End of inner exception stack trace ---
   at System.Net.HttpWebRequest.GetResponse()
   at NuGet.HttpClient.GetRedirectedUri(Uri uri)
   at NuGet.PackageRepositoryFactory.CreateRepository(PackageSource packageSource)
   at Orchard.Packaging.Services.PackageInstaller.Install(String packageId, String version, String location, String applicationPath)
   at Orchard.Packaging.Services.PackageManager.<>c__DisplayClass8.<Install>b__7()
   at Orchard.Packaging.Services.PackageManager.DoInstall(Func`1 installer)
   --- End of inner exception stack trace ---
   at Orchard.Packaging.Services.PackageManager.DoInstall(Func`1 installer)
   at Orchard.Packaging.Services.PackageManager.Install(String packageId, String version, String location, String applicationPath)
   at Orchard.Packaging.Controllers.PackagingServicesController.InstallGallery(String packageId, String version, Int32 sourceId, String redirectUrl)
2011-05-27 17:53:17,489 [20] Orchard.Packaging.Controllers.GalleryController - Error loading extensions from gallery source 'Orchard Gallery'. Unable to connect to the remote server.
System.Net.WebException: Unable to connect to the remote server ---> System.Net.Sockets.SocketException: A connection attempt failed because the connected party did not properly respond after a period of time, or established connection failed because connected host has failed to respond 69.59.138.85:80
   at System.Net.Sockets.Socket.DoConnect(EndPoint endPointSnapshot, SocketAddress socketAddress)
   at System.Net.ServicePoint.ConnectSocketInternal(Boolean connectFailure, Socket s4, Socket s6, Socket& socket, IPAddress& address, ConnectSocketState state, IAsyncResult asyncResult, Int32 timeout, Exception& exception)
   --- End of inner exception stack trace ---
   at System.Net.HttpWebRequest.GetResponse()
   at System.Data.Services.Client.QueryResult.Execute()
   at System.Data.Services.Client.DataServiceRequest.Execute[TElement](DataServiceContext context, QueryComponents queryComponents)
   at System.Data.Services.Client.DataServiceQuery`1.Execute()
   at System.Data.Services.Client.DataServiceQuery`1.GetEnumerator()
   at System.Collections.Generic.List`1..ctor(IEnumerable`1 collection)
   at System.Linq.Enumerable.ToList[TSource](IEnumerable`1 source)
   at Orchard.Packaging.Services.PackagingSourceManager.<>c__DisplayClass3.<GetExtensionList>b__1(PackagingSource source)
   at System.Linq.Enumerable.<SelectManyIterator>d__14`2.MoveNext()
   at System.Linq.Buffer`1..ctor(IEnumerable`1 source)
   at System.Linq.Enumerable.ToArray[TSource](IEnumerable`1 source)
   at Orchard.Packaging.Controllers.GalleryController.ListExtensions(PackagingExtensionsOptions options, String packageType, Pager pager)
2011-05-27 17:53:51,212 [17] Orchard.Packaging.Controllers.GalleryController - Error loading extensions from gallery source 'Orchard Gallery'. Unable to connect to the remote server.
System.Net.WebException: Unable to connect to the remote server ---> System.Net.Sockets.SocketException: A connection attempt failed because the connected party did not properly respond after a period of time, or established connection failed because connected host has failed to respond 69.59.138.85:80
   at System.Net.Sockets.Socket.DoConnect(EndPoint endPointSnapshot, SocketAddress socketAddress)
   at System.Net.ServicePoint.ConnectSocketInternal(Boolean connectFailure, Socket s4, Socket s6, Socket& socket, IPAddress& address, ConnectSocketState state, IAsyncResult asyncResult, Int32 timeout, Exception& exception)
   --- End of inner exception stack trace ---
   at System.Net.HttpWebRequest.GetResponse()
   at System.Data.Services.Client.QueryResult.Execute()
   at System.Data.Services.Client.DataServiceRequest.Execute[TElement](DataServiceContext context, QueryComponents queryComponents)
   at System.Data.Services.Client.DataServiceQuery`1.Execute()
   at System.Data.Services.Client.DataServiceQuery`1.GetEnumerator()
   at System.Collections.Generic.List`1..ctor(IEnumerable`1 collection)
   at System.Linq.Enumerable.ToList[TSource](IEnumerable`1 source)
   at Orchard.Packaging.Services.PackagingSourceManager.<>c__DisplayClass3.<GetExtensionList>b__1(PackagingSource source)
   at System.Linq.Enumerable.<SelectManyIterator>d__14`2.MoveNext()
   at System.Linq.Buffer`1..ctor(IEnumerable`1 source)
   at System.Linq.Enumerable.ToArray[TSource](IEnumerable`1 source)
   at Orchard.Packaging.Controllers.GalleryController.ListExtensions(PackagingExtensionsOptions options, String packageType, Pager pager)
2011-05-27 17:54:17,304 [20] Orchard.Packaging.Controllers.GalleryController - Error loading extensions from gallery source 'Orchard Gallery'. Unable to connect to the remote server.
System.Net.WebException: Unable to connect to the remote server ---> System.Net.Sockets.SocketException: A connection attempt failed because the connected party did not properly respond after a period of time, or established connection failed because connected host has failed to respond 69.59.138.85:80
   at System.Net.Sockets.Socket.DoConnect(EndPoint endPointSnapshot, SocketAddress socketAddress)
   at System.Net.ServicePoint.ConnectSocketInternal(Boolean connectFailure, Socket s4, Socket s6, Socket& socket, IPAddress& address, ConnectSocketState state, IAsyncResult asyncResult, Int32 timeout, Exception& exception)
   --- End of inner exception stack trace ---
   at System.Net.HttpWebRequest.GetResponse()
   at System.Data.Services.Client.QueryResult.Execute()
   at System.Data.Services.Client.DataServiceRequest.Execute[TElement](DataServiceContext context, QueryComponents queryComponents)
   at System.Data.Services.Client.DataServiceQuery`1.Execute()
   at System.Data.Services.Client.DataServiceQuery`1.GetEnumerator()
   at System.Collections.Generic.List`1..ctor(IEnumerable`1 collection)
   at System.Linq.Enumerable.ToList[TSource](IEnumerable`1 source)
   at Orchard.Packaging.Services.PackagingSourceManager.<>c__DisplayClass3.<GetExtensionList>b__1(PackagingSource source)
   at System.Linq.Enumerable.<SelectManyIterator>d__14`2.MoveNext()
   at System.Linq.Buffer`1..ctor(IEnumerable`1 source)
   at System.Linq.Enumerable.ToArray[TSource](IEnumerable`1 source)
   at Orchard.Packaging.Controllers.GalleryController.ListExtensions(PackagingExtensionsOptions options, String packageType, Pager pager)
2011-05-27 17:54:17,309 [25] Orchard.Packaging.Controllers.PackagingServicesController - Package installation failed.
Orchard.OrchardException: There was an error installing the requested package. This can happen if the server does not have write access to the '~/Modules' or '~/Themes' folder of the web site. If the site is running in shared hosted environement, adding write access to these folders sometimes needs to be done manually through the Hoster control panel. Once Themes and Modules have been installed, it is recommended to remove write access to these folders. ---> System.IO.IOException: Unable to read data from the transport connection: An established connection was aborted by the software in your host machine. ---> System.Net.Sockets.SocketException: An established connection was aborted by the software in your host machine
   at System.Net.Sockets.Socket.Receive(Byte[] buffer, Int32 offset, Int32 size, SocketFlags socketFlags)
   at System.Net.Sockets.NetworkStream.Read(Byte[] buffer, Int32 offset, Int32 size)
   --- End of inner exception stack trace ---
   at System.Net.ConnectStream.Read(Byte[] buffer, Int32 offset, Int32 size)
   at System.Data.Services.Client.WebUtil.CopyStream(Stream input, Stream output, Byte[]& refBuffer)
   at System.Data.Services.Client.QueryResult.Execute()
   at System.Data.Services.Client.DataServiceRequest.Execute[TElement](DataServiceContext context, QueryComponents queryComponents)
   at System.Data.Services.Client.DataServiceQuery`1.Execute()
   at System.Data.Services.Client.DataServiceQuery`1.GetEnumerator()
   at NuGet.DataServiceQueryWrapper`1.GetEnumerator()
   at NuGet.SmartDataServiceQuery`1.GetEnumerator()
   at System.Collections.Generic.List`1..ctor(IEnumerable`1 collection)
   at System.Linq.Enumerable.ToList[TSource](IEnumerable`1 source)
   at Orchard.Packaging.Services.ExtensionReferenceRepository.GetPackages()
   at NuGet.PackageRepositoryExtensions.FindPackagesById(IPackageRepository repository, String packageId)
   at NuGet.PackageRepositoryExtensions.FindPackage(IPackageRepository repository, String packageId, Version version)
   at NuGet.PackageRepositoryExtensions.FindPackage(IPackageRepository repository, String packageId)
   at NuGet.ProjectInstallWalker.OnBeforeDependencyWalk(IPackage package)
   at NuGet.PackageWalker.Walk(IPackage package)
   at NuGet.InstallWalker.ResolveOperations(IPackage package)
   at NuGet.ProjectManager.Execute(IPackage package, IPackageOperationResolver resolver)
   at NuGet.ProjectManager.AddPackageReference(IPackage package, Boolean ignoreDependencies)
   at NuGet.ProjectManager.AddPackageReference(String packageId, Version version, Boolean ignoreDependencies)
   at NuGet.ProjectManager.AddPackageReference(String packageId, Version version)
   at Orchard.Packaging.Services.PackageInstaller.ExecuteInstall(IPackage package, IPackageRepository packageRepository, String sourceLocation, String targetPath)
   at Orchard.Packaging.Services.PackageInstaller.InstallPackage(IPackage package, IPackageRepository packageRepository, String location, String applicationPath)
   at Orchard.Packaging.Services.PackageInstaller.Install(String packageId, String version, String location, String applicationPath)
   at Orchard.Packaging.Services.PackageManager.<>c__DisplayClass8.<Install>b__7()
   at Orchard.Packaging.Services.PackageManager.DoInstall(Func`1 installer)
   --- End of inner exception stack trace ---
   at Orchard.Packaging.Services.PackageManager.DoInstall(Func`1 installer)
   at Orchard.Packaging.Services.PackageManager.Install(String packageId, String version, String location, String applicationPath)
   at Orchard.Packaging.Controllers.PackagingServicesController.InstallGallery(String packageId, String version, Int32 sourceId, String redirectUrl)
2011-05-27 17:54:49,908 [17] Orchard.Packaging.Controllers.GalleryController - Error loading extensions from gallery source 'Orchard Gallery'. Unable to connect to the remote server.
System.Net.WebException: Unable to connect to the remote server ---> System.Net.Sockets.SocketException: A connection attempt failed because the connected party did not properly respond after a period of time, or established connection failed because connected host has failed to respond 69.59.138.85:80
   at System.Net.Sockets.Socket.DoConnect(EndPoint endPointSnapshot, SocketAddress socketAddress)
   at System.Net.ServicePoint.ConnectSocketInternal(Boolean connectFailure, Socket s4, Socket s6, Socket& socket, IPAddress& address, ConnectSocketState state, IAsyncResult asyncResult, Int32 timeout, Exception& exception)
   --- End of inner exception stack trace ---
   at System.Net.HttpWebRequest.GetResponse()
   at System.Data.Services.Client.QueryResult.Execute()
   at System.Data.Services.Client.DataServiceRequest.Execute[TElement](DataServiceContext context, QueryComponents queryComponents)
   at System.Data.Services.Client.DataServiceQuery`1.Execute()
   at System.Data.Services.Client.DataServiceQuery`1.GetEnumerator()
   at System.Collections.Generic.List`1..ctor(IEnumerable`1 collection)
   at System.Linq.Enumerable.ToList[TSource](IEnumerable`1 source)
   at Orchard.Packaging.Services.PackagingSourceManager.<>c__DisplayClass3.<GetExtensionList>b__1(PackagingSource source)
   at System.Linq.Enumerable.<SelectManyIterator>d__14`2.MoveNext()
   at System.Linq.Buffer`1..ctor(IEnumerable`1 source)
   at System.Linq.Enumerable.ToArray[TSource](IEnumerable`1 source)
   at Orchard.Packaging.Controllers.GalleryController.ListExtensions(PackagingExtensionsOptions options, String packageType, Pager pager)
